<?xml version="1.0" encoding="utf-8"?><testsuites name="pytest tests"><testsuite name="pytest" errors="0" failures="0" skipped="0" tests="17" time="6.506" timestamp="2026-05-06T18:28:16.214450+00:00" hostname="agent-env-e9799e97-2a48-4f0a-9478-70683ba5aaad"><testcase classname="backend.tests.test_admin_phase2.TestLogin" name="test_login_success_shape" time="0.570" /><testcase classname="backend.tests.test_admin_phase2.TestLogin" name="test_login_wrong_password" time="0.327" /><testcase classname="backend.tests.test_admin_phase2.TestLogin" name="test_login_malformed_email" time="0.193" /><testcase classname="backend.tests.test_admin_phase2.TestMe" name="test_me_with_token" time="0.384" /><testcase classname="backend.tests.test_admin_phase2.TestMe" name="test_me_no_token" time="0.158" /><testcase classname="backend.tests.test_admin_phase2.TestMe" name="test_me_invalid_token" time="0.156" /><testcase classname="backend.tests.test_admin_phase2.TestStats" name="test_stats_requires_auth" time="0.151" /><testcase classname="backend.tests.test_admin_phase2.TestStats" name="test_stats_returns_counts" time="0.156" /><testcase classname="backend.tests.test_admin_phase2.TestRecipesCRUD" name="test_create_requires_auth" time="0.139" /><testcase classname="backend.tests.test_admin_phase2.TestRecipesCRUD" name="test_create_update_delete" time="0.812" /><testcase classname="backend.tests.test_admin_phase2.TestProductsCRUD" name="test_create_update_delete" time="0.775" /><testcase classname="backend.tests.test_admin_phase2.TestProductsCRUD" name="test_delete_nonexistent" time="0.137" /><testcase classname="backend.tests.test_admin_phase2.TestBlogCRUD" name="test_create_update_delete" time="0.635" /><testcase classname="backend.tests.test_admin_phase2.TestPublicRegression" name="test_recipes_public" time="0.160" /><testcase classname="backend.tests.test_admin_phase2.TestPublicRegression" name="test_products_public" time="0.145" /><testcase classname="backend.tests.test_admin_phase2.TestPublicRegression" name="test_blog_public" time="0.137" /><testcase classname="backend.tests.test_admin_phase2.TestBruteForce" name="test_lockout_after_wrong_attempts" time="1.412" /></testsuite></testsuites>