<?xml version="1.0" encoding="utf-8"?><testsuites name="pytest tests"><testsuite name="pytest" errors="0" failures="0" skipped="0" tests="22" time="6.101" timestamp="2026-05-06T19:20:57.783462+00:00" hostname="agent-env-e9799e97-2a48-4f0a-9478-70683ba5aaad"><testcase classname="backend.tests.test_phase3_shop.TestBranding" name="test_public_get_branding" time="0.502" /><testcase classname="backend.tests.test_phase3_shop.TestBranding" name="test_admin_put_requires_auth" time="0.177" /><testcase classname="backend.tests.test_phase3_shop.TestBranding" name="test_admin_put_rejects_non_http" time="0.523" /><testcase classname="backend.tests.test_phase3_shop.TestBranding" name="test_admin_put_rejects_empty" time="0.160" /><testcase classname="backend.tests.test_phase3_shop.TestBranding" name="test_admin_put_updates_and_public_get_reflects" time="0.621" /><testcase classname="backend.tests.test_phase3_shop.TestSnacksCatalog" name="test_at_least_six_snack_or_event_products" time="0.154" /><testcase classname="backend.tests.test_phase3_shop.TestSnacksCatalog" name="test_expected_seeded_ids_present" time="0.164" /><testcase classname="backend.tests.test_phase3_shop.TestCheckoutNegative" name="test_no_items" time="0.176" /><testcase classname="backend.tests.test_phase3_shop.TestCheckoutNegative" name="test_missing_items_key" time="0.131" /><testcase classname="backend.tests.test_phase3_shop.TestCheckoutNegative" name="test_missing_origin_url" time="0.158" /><testcase classname="backend.tests.test_phase3_shop.TestCheckoutNegative" name="test_invalid_product_id" time="0.146" /><testcase classname="backend.tests.test_phase3_shop.TestCheckoutNegative" name="test_coming_soon_product_blocked" time="0.500" /><testcase classname="backend.tests.test_phase3_shop.TestCheckoutHappyPath" name="test_create_session_returns_url_and_persists" time="0.837" /><testcase classname="backend.tests.test_phase3_shop.TestCheckoutHappyPath" name="test_status_returns_persisted_txn" time="0.395" /><testcase classname="backend.tests.test_phase3_shop.TestCheckoutHappyPath" name="test_status_unknown_session" time="0.148" /><testcase classname="backend.tests.test_phase3_shop.TestAdminOrders" name="test_orders_requires_auth" time="0.171" /><testcase classname="backend.tests.test_phase3_shop.TestAdminOrders" name="test_orders_returns_list" time="0.145" /><testcase classname="backend.tests.test_phase3_shop.TestPublicRegression" name="test_recipes" time="0.179" /><testcase classname="backend.tests.test_phase3_shop.TestPublicRegression" name="test_products" time="0.156" /><testcase classname="backend.tests.test_phase3_shop.TestPublicRegression" name="test_blog" time="0.222" /><testcase classname="backend.tests.test_phase3_shop.TestPublicRegression" name="test_feedback_post" time="0.144" /><testcase classname="backend.tests.test_phase3_shop.TestPublicRegression" name="test_newsletter_subscribe" time="0.165" /></testsuite></testsuites>