<?xml version="1.0" encoding="utf-8"?><testsuites name="pytest tests"><testsuite name="pytest" errors="0" failures="0" skipped="0" tests="14" time="2.290" timestamp="2026-05-06T15:28:27.334656+00:00" hostname="agent-env-e9799e97-2a48-4f0a-9478-70683ba5aaad"><testcase classname="backend.tests.test_tea_wellness_api.TestRecipesAPI" name="test_get_all_recipes_returns_12" time="0.250" /><testcase classname="backend.tests.test_tea_wellness_api.TestRecipesAPI" name="test_recipe_7_has_beetroot_and_research_keywords" time="0.122" /><testcase classname="backend.tests.test_tea_wellness_api.TestRecipesAPI" name="test_recipe_8_vanilla_comfort_no_beetroot" time="0.196" /><testcase classname="backend.tests.test_tea_wellness_api.TestRecipesAPI" name="test_recipe_9_has_beetroot" time="0.175" /><testcase classname="backend.tests.test_tea_wellness_api.TestRecipesAPI" name="test_recipe_10_beetroot_lime_reviver" time="0.156" /><testcase classname="backend.tests.test_tea_wellness_api.TestRecipesAPI" name="test_recipe_11_has_beetroot_and_cinnamaldehyde" time="0.143" /><testcase classname="backend.tests.test_tea_wellness_api.TestRecipesAPI" name="test_recipe_12_has_beetroot" time="0.132" /><testcase classname="backend.tests.test_tea_wellness_api.TestRecipesAPI" name="test_recipes_have_required_fields" time="0.134" /><testcase classname="backend.tests.test_tea_wellness_api.TestProductsAPI" name="test_get_products" time="0.157" /><testcase classname="backend.tests.test_tea_wellness_api.TestBlogAPI" name="test_get_blog_posts" time="0.127" /><testcase classname="backend.tests.test_tea_wellness_api.TestNewsletterAPI" name="test_newsletter_subscribe" time="0.162" /><testcase classname="backend.tests.test_tea_wellness_api.TestFeedbackAPI" name="test_submit_feedback" time="0.149" /><testcase classname="backend.tests.test_tea_wellness_api.TestFeedbackAPI" name="test_get_feedback" time="0.190" /><testcase classname="backend.tests.test_tea_wellness_api.TestAPIHealth" name="test_api_root" time="0.127" /></testsuite></testsuites>